2025-07-13 17:24:50,065 - INFO - Tentativa 1/3 com Nominatim: RUA, PRESIDENTE NILO PECANHA, 291, REPUBLICA, Espí...
2025-07-13 17:24:52,115 - INFO - Tentativa 2/3 com Nominatim: RUA, PRESIDENTE NILO PECANHA, 291, REPUBLICA, Espí...
2025-07-13 17:24:54,482 - INFO - Tentativa 3/3 com Nominatim: RUA, PRESIDENTE NILO PECANHA, 291, REPUBLICA, Espí...
2025-07-13 17:24:54,845 - INFO - Tentativa 1/3 com Photon: RUA, PRESIDENTE NILO PECANHA, 291, REPUBLICA, Espí...
2025-07-13 17:24:58,653 - INFO - Cache salvo com 1 entradas
2025-07-13 17:24:58,655 - INFO - Sucesso com Photon: -19.3834727, -40.0661453
2025-07-13 17:24:58,979 - INFO - Tentativa 1/3 com Nominatim: RUA, FRANCISCO ALVES COUTO, 175, CENTRO, Espírito ...
2025-07-13 17:25:00,409 - INFO - Tentativa 2/3 com Nominatim: RUA, FRANCISCO ALVES COUTO, 175, CENTRO, Espírito ...
2025-07-13 17:25:02,776 - INFO - Tentativa 3/3 com Nominatim: RUA, FRANCISCO ALVES COUTO, 175, CENTRO, Espírito ...
2025-07-13 17:25:03,155 - INFO - Tentativa 1/3 com Photon: RUA, FRANCISCO ALVES COUTO, 175, CENTRO, Espírito ...
2025-07-13 17:25:05,345 - INFO - Cache salvo com 2 entradas
2025-07-13 17:25:05,346 - INFO - Sucesso com Photon: -20.31966805, -40.33925984130728
2025-07-13 17:25:05,680 - INFO - Tentativa 1/3 com Nominatim: RUA, PIUMA, 30, VALPARAISO, Espírito Santo, Brasil...
2025-07-13 17:25:06,957 - INFO - Tentativa 2/3 com Nominatim: RUA, PIUMA, 30, VALPARAISO, Espírito Santo, Brasil...
2025-07-13 17:25:09,250 - INFO - Tentativa 3/3 com Nominatim: RUA, PIUMA, 30, VALPARAISO, Espírito Santo, Brasil...
2025-07-13 17:25:09,526 - INFO - Tentativa 1/3 com Photon: RUA, PIUMA, 30, VALPARAISO, Espírito Santo, Brasil...
2025-07-13 17:25:12,400 - INFO - Cache salvo com 3 entradas
2025-07-13 17:25:12,402 - INFO - Sucesso com Photon: -20.3212761, -40.339798211734475
2025-07-13 17:25:12,734 - INFO - Tentativa 1/3 com Nominatim: RODOVIA, GOVERNADOR MARIO COVAS, BEBEDOURO, Espíri...
2025-07-13 17:25:14,021 - INFO - Tentativa 2/3 com Nominatim: RODOVIA, GOVERNADOR MARIO COVAS, BEBEDOURO, Espíri...
2025-07-13 17:25:16,308 - INFO - Tentativa 3/3 com Nominatim: RODOVIA, GOVERNADOR MARIO COVAS, BEBEDOURO, Espíri...
2025-07-13 17:25:16,583 - INFO - Tentativa 1/3 com Photon: RODOVIA, GOVERNADOR MARIO COVAS, BEBEDOURO, Espíri...
2025-07-13 17:25:18,460 - INFO - Cache salvo com 4 entradas
2025-07-13 17:25:18,461 - INFO - Sucesso com Photon: -19.4700146, -40.111208
2025-07-13 17:25:18,793 - INFO - Tentativa 1/3 com Nominatim: AVENIDA, LEITAO DA SILVA, 3330, ANDORINHAS, Espíri...
2025-07-13 17:25:20,349 - INFO - Tentativa 2/3 com Nominatim: AVENIDA, LEITAO DA SILVA, 3330, ANDORINHAS, Espíri...
2025-07-13 17:25:22,886 - INFO - Tentativa 3/3 com Nominatim: AVENIDA, LEITAO DA SILVA, 3330, ANDORINHAS, Espíri...
2025-07-13 17:25:23,436 - INFO - Tentativa 1/3 com Photon: AVENIDA, LEITAO DA SILVA, 3330, ANDORINHAS, Espíri...
2025-07-13 17:25:27,755 - INFO - Cache salvo com 5 entradas
2025-07-13 17:25:27,756 - INFO - Sucesso com Photon: -20.2889387, -40.305633
2025-07-13 17:25:28,084 - INFO - Tentativa 1/3 com Nominatim: RUA, EUDALIO FONTES CORREIA, 1, NOVO MEXICO, Espír...
2025-07-13 17:25:29,374 - INFO - Tentativa 2/3 com Nominatim: RUA, EUDALIO FONTES CORREIA, 1, NOVO MEXICO, Espír...
2025-07-13 17:25:31,716 - INFO - Tentativa 3/3 com Nominatim: RUA, EUDALIO FONTES CORREIA, 1, NOVO MEXICO, Espír...
2025-07-13 17:25:31,987 - INFO - Tentativa 1/3 com Photon: RUA, EUDALIO FONTES CORREIA, 1, NOVO MEXICO, Espír...
2025-07-13 17:25:37,103 - INFO - Cache salvo com 6 entradas
2025-07-13 17:25:37,104 - INFO - Sucesso com Photon: -20.3717825, -40.3198735
2025-07-13 17:25:37,432 - INFO - Tentativa 1/3 com Nominatim: RUA, JOAO PESSOA DE MATTOS, 505, PRAIA DA COSTA, E...
2025-07-13 17:25:39,683 - INFO - Tentativa 2/3 com Nominatim: RUA, JOAO PESSOA DE MATTOS, 505, PRAIA DA COSTA, E...
2025-07-13 17:25:42,884 - INFO - Tentativa 3/3 com Nominatim: RUA, JOAO PESSOA DE MATTOS, 505, PRAIA DA COSTA, E...
2025-07-13 17:25:44,123 - INFO - Tentativa 1/3 com Photon: RUA, JOAO PESSOA DE MATTOS, 505, PRAIA DA COSTA, E...
2025-07-13 17:25:47,015 - INFO - Cache salvo com 7 entradas
2025-07-13 17:25:47,016 - INFO - Sucesso com Photon: -20.3372798, -40.2864056
2025-07-13 17:25:47,354 - INFO - Tentativa 1/3 com Nominatim: RUA, MARATAIZES, 250, PLANALTO DE CARAPINA, Espíri...
2025-07-13 17:25:48,713 - INFO - Tentativa 2/3 com Nominatim: RUA, MARATAIZES, 250, PLANALTO DE CARAPINA, Espíri...
2025-07-13 17:25:51,075 - INFO - Tentativa 3/3 com Nominatim: RUA, MARATAIZES, 250, PLANALTO DE CARAPINA, Espíri...
2025-07-13 17:25:51,403 - INFO - Tentativa 1/3 com Photon: RUA, MARATAIZES, 250, PLANALTO DE CARAPINA, Espíri...
2025-07-13 17:25:54,217 - INFO - Cache salvo com 8 entradas
2025-07-13 17:25:54,218 - INFO - Sucesso com Photon: -20.207567599999997, -40.268525756401644
2025-07-13 17:25:54,550 - INFO - Tentativa 1/3 com Nominatim: AVENIDA, VINA DEL MAR, 730, ENSEADA AZUL, Espírito...
2025-07-13 17:25:56,946 - INFO - Tentativa 2/3 com Nominatim: AVENIDA, VINA DEL MAR, 730, ENSEADA AZUL, Espírito...
2025-07-13 17:26:00,332 - INFO - Tentativa 3/3 com Nominatim: AVENIDA, VINA DEL MAR, 730, ENSEADA AZUL, Espírito...
2025-07-13 17:26:02,285 - INFO - Tentativa 1/3 com Photon: AVENIDA, VINA DEL MAR, 730, ENSEADA AZUL, Espírito...
2025-07-13 17:26:05,015 - INFO - Cache salvo com 9 entradas
2025-07-13 17:26:05,016 - INFO - Sucesso com Photon: -20.7272175, -40.5246209
2025-07-13 17:26:05,356 - INFO - Tentativa 1/3 com Nominatim: RUA, MANOEL GOMES DE ALMEIDA, 136, FRADINHOS, Espí...
2025-07-13 17:26:06,676 - INFO - Tentativa 2/3 com Nominatim: RUA, MANOEL GOMES DE ALMEIDA, 136, FRADINHOS, Espí...
2025-07-13 17:26:09,036 - INFO - Tentativa 3/3 com Nominatim: RUA, MANOEL GOMES DE ALMEIDA, 136, FRADINHOS, Espí...
2025-07-13 17:26:09,361 - INFO - Tentativa 1/3 com Photon: RUA, MANOEL GOMES DE ALMEIDA, 136, FRADINHOS, Espí...
2025-07-13 17:26:12,454 - INFO - Cache salvo com 10 entradas
2025-07-13 17:26:12,456 - INFO - Sucesso com Photon: -20.3070287, -40.3301865
2025-07-13 17:26:12,787 - INFO - Tentativa 1/3 com Nominatim: RODOVIA, DO SOL, 76, PRAIA DE ITAPARICA, Espírito ...
2025-07-13 17:26:14,245 - INFO - Tentativa 2/3 com Nominatim: RODOVIA, DO SOL, 76, PRAIA DE ITAPARICA, Espírito ...
2025-07-13 17:26:17,374 - INFO - Tentativa 3/3 com Nominatim: RODOVIA, DO SOL, 76, PRAIA DE ITAPARICA, Espírito ...
2025-07-13 17:26:17,857 - INFO - Tentativa 1/3 com Photon: RODOVIA, DO SOL, 76, PRAIA DE ITAPARICA, Espírito ...
2025-07-13 17:26:22,186 - INFO - Cache salvo com 11 entradas
2025-07-13 17:26:22,187 - INFO - Sucesso com Photon: -20.391024700000003, -40.31362163634309
2025-07-13 17:26:22,527 - INFO - Cache salvo com 11 entradas
2025-07-13 17:26:24,317 - INFO - Created 11 records
2025-07-13 17:28:01,865 - INFO - Created 11 records
